*** Starting uWSGI 2.0.20-debian (64bit) on [Wed Aug  9 13:38:39 2023] ***
compiled with version: 11.2.0 on 21 March 2022 11:00:44
os: Linux-5.15.0-78-generic #85-Ubuntu SMP Fri Jul 7 15:25:09 UTC 2023
nodename: webmonstr
machine: x86_64
clock source: unix
pcre jit disabled
detected number of CPU cores: 2
current working directory: /home/webmaster/student-board
detected binary path: /usr/bin/uwsgi-core
chdir() to /home/webmaster/student-board/sb
*** WARNING: you are running uWSGI without its master process manager ***
your processes number limit is 15078
your memory page size is 4096 bytes
detected max file descriptor number: 1024
lock engine: pthread robust mutexes
thunder lock: disabled (you can enable it with --thunder-lock)
uwsgi socket 0 bound to UNIX address /tmp/sb.sock fd 3
Python version: 3.10.12 (main, Jun 11 2023, 05:26:28) [GCC 11.4.0]
PEP 405 virtualenv detected: /home/webmaster/student-board/sb/venv/
Set PythonHome to /home/webmaster/student-board/sb/venv/
Python main interpreter initialized at 0x55a7817ec910
python threads support enabled
your server socket listen backlog is limited to 100 connections
your mercy for graceful operations on workers is 60 seconds
mapped 83376 bytes (81 KB) for 2 cores
*** Operational MODE: threaded ***
WSGI app 0 (mountpoint='') ready in 0 seconds on interpreter 0x55a7817ec910 pid: 13688 (default app)
*** uWSGI is running in multiple interpreter mode ***
spawned uWSGI worker 1 (and the only) (pid: 13688, cores: 2)
*** Starting uWSGI 2.0.20-debian (64bit) on [Wed Aug  9 13:40:03 2023] ***
compiled with version: 11.2.0 on 21 March 2022 11:00:44
os: Linux-5.15.0-78-generic #85-Ubuntu SMP Fri Jul 7 15:25:09 UTC 2023
nodename: webmonstr
machine: x86_64
clock source: unix
pcre jit disabled
detected number of CPU cores: 2
current working directory: /home/webmaster/student-board
detected binary path: /usr/bin/uwsgi-core
chdir() to /home/webmaster/student-board/sb
*** WARNING: you are running uWSGI without its master process manager ***
your processes number limit is 15078
your memory page size is 4096 bytes
detected max file descriptor number: 1024
lock engine: pthread robust mutexes
thunder lock: disabled (you can enable it with --thunder-lock)
uwsgi socket 0 bound to UNIX address /tmp/sb.sock fd 3
Python version: 3.10.12 (main, Jun 11 2023, 05:26:28) [GCC 11.4.0]
PEP 405 virtualenv detected: /home/webmaster/student-board/sb/venv/
Set PythonHome to /home/webmaster/student-board/sb/venv/
Python main interpreter initialized at 0x55e793abf910
python threads support enabled
your server socket listen backlog is limited to 100 connections
your mercy for graceful operations on workers is 60 seconds
mapped 83376 bytes (81 KB) for 2 cores
*** Operational MODE: threaded ***
WSGI app 0 (mountpoint='') ready in 1 seconds on interpreter 0x55e793abf910 pid: 13762 (default app)
*** uWSGI is running in multiple interpreter mode ***
spawned uWSGI worker 1 (and the only) (pid: 13762, cores: 2)
invalid request block size: 21573 (max 4096)...skip
*** Starting uWSGI 2.0.20-debian (64bit) on [Wed Aug  9 13:49:24 2023] ***
compiled with version: 11.2.0 on 21 March 2022 11:00:44
os: Linux-5.15.0-78-generic #85-Ubuntu SMP Fri Jul 7 15:25:09 UTC 2023
nodename: webmonstr
machine: x86_64
clock source: unix
pcre jit disabled
detected number of CPU cores: 2
current working directory: /home/webmaster/student-board
detected binary path: /usr/bin/uwsgi-core
chdir() to /home/webmaster/student-board/sb
*** WARNING: you are running uWSGI without its master process manager ***
your processes number limit is 15078
your memory page size is 4096 bytes
detected max file descriptor number: 1024
lock engine: pthread robust mutexes
thunder lock: disabled (you can enable it with --thunder-lock)
uwsgi socket 0 bound to UNIX address /tmp/sb.sock fd 3
Python version: 3.10.12 (main, Jun 11 2023, 05:26:28) [GCC 11.4.0]
PEP 405 virtualenv detected: /home/webmaster/student-board/sb/venv/
Set PythonHome to /home/webmaster/student-board/sb/venv/
Python main interpreter initialized at 0x5648a2828910
python threads support enabled
your server socket listen backlog is limited to 100 connections
your mercy for graceful operations on workers is 60 seconds
mapped 83376 bytes (81 KB) for 2 cores
*** Operational MODE: threaded ***
WSGI app 0 (mountpoint='') ready in 1 seconds on interpreter 0x5648a2828910 pid: 14019 (default app)
*** uWSGI is running in multiple interpreter mode ***
spawned uWSGI worker 1 (and the only) (pid: 14019, cores: 2)
invalid request block size: 21573 (max 4096)...skip
uwsgi_proto_uwsgi_parser(): Resource temporarily unavailable [proto/uwsgi.c line 40]
uwsgi_proto_uwsgi_parser(): Resource temporarily unavailable [proto/uwsgi.c line 40]
uwsgi_proto_uwsgi_parser(): Resource temporarily unavailable [proto/uwsgi.c line 40]
uwsgi_proto_uwsgi_parser(): Resource temporarily unavailable [proto/uwsgi.c line 40]
uwsgi_proto_uwsgi_parser(): Resource temporarily unavailable [proto/uwsgi.c line 40]
*** Starting uWSGI 2.0.20-debian (64bit) on [Wed Aug  9 13:55:14 2023] ***
compiled with version: 11.2.0 on 21 March 2022 11:00:44
os: Linux-5.15.0-78-generic #85-Ubuntu SMP Fri Jul 7 15:25:09 UTC 2023
nodename: webmonstr
machine: x86_64
clock source: unix
pcre jit disabled
detected number of CPU cores: 2
current working directory: /home/webmaster/student-board
detected binary path: /usr/bin/uwsgi-core
chdir() to /home/webmaster/student-board/sb
*** WARNING: you are running uWSGI without its master process manager ***
your processes number limit is 15078
your memory page size is 4096 bytes
detected max file descriptor number: 1024
lock engine: pthread robust mutexes
thunder lock: disabled (you can enable it with --thunder-lock)
uwsgi socket 0 bound to UNIX address /tmp/sb.sock fd 3
Python version: 3.10.12 (main, Jun 11 2023, 05:26:28) [GCC 11.4.0]
PEP 405 virtualenv detected: /home/webmaster/student-board/sb/venv/
Set PythonHome to /home/webmaster/student-board/sb/venv/
Python main interpreter initialized at 0x56376e014270
python threads support enabled
your server socket listen backlog is limited to 100 connections
your mercy for graceful operations on workers is 60 seconds
mapped 140720 bytes (137 KB) for 2 cores
*** Operational MODE: threaded ***
WSGI app 0 (mountpoint='') ready in 0 seconds on interpreter 0x56376e014270 pid: 14087 (default app)
*** uWSGI is running in multiple interpreter mode ***
spawned uWSGI worker 1 (and the only) (pid: 14087, cores: 2)
uwsgi_proto_uwsgi_parser(): Resource temporarily unavailable [proto/uwsgi.c line 40]
Gracefully killing worker 1 (pid: 13688)...
Gracefully killing worker 1 (pid: 14087)...
Gracefully killing worker 1 (pid: 14019)...
Gracefully killing worker 1 (pid: 13762)...
*** Starting uWSGI 2.0.20-debian (64bit) on [Wed Aug  9 14:05:14 2023] ***
compiled with version: 11.2.0 on 21 March 2022 11:00:44
os: Linux-5.15.0-78-generic #85-Ubuntu SMP Fri Jul 7 15:25:09 UTC 2023
nodename: webmonstr
machine: x86_64
clock source: unix
pcre jit disabled
detected number of CPU cores: 2
current working directory: /home/webmaster
detected binary path: /usr/bin/uwsgi-core
chdir() to /home/webmaster/student-board/sb
*** WARNING: you are running uWSGI without its master process manager ***
your processes number limit is 15078
your memory page size is 4096 bytes
detected max file descriptor number: 1024
lock engine: pthread robust mutexes
thunder lock: disabled (you can enable it with --thunder-lock)
uwsgi socket 0 bound to UNIX address /tmp/sb.sock fd 3
Python version: 3.10.12 (main, Jun 11 2023, 05:26:28) [GCC 11.4.0]
PEP 405 virtualenv detected: /home/webmaster/student-board/sb/venv/
Set PythonHome to /home/webmaster/student-board/sb/venv/
Python main interpreter initialized at 0x558187d7a250
python threads support enabled
your server socket listen backlog is limited to 100 connections
your mercy for graceful operations on workers is 60 seconds
mapped 140720 bytes (137 KB) for 2 cores
*** Operational MODE: threaded ***
WSGI app 0 (mountpoint='') ready in 1 seconds on interpreter 0x558187d7a250 pid: 920 (default app)
*** uWSGI is running in multiple interpreter mode ***
spawned uWSGI worker 1 (and the only) (pid: 920, cores: 2)
*** Starting uWSGI 2.0.20-debian (64bit) on [Wed Aug  9 14:06:32 2023] ***
compiled with version: 11.2.0 on 21 March 2022 11:00:44
os: Linux-5.15.0-78-generic #85-Ubuntu SMP Fri Jul 7 15:25:09 UTC 2023
nodename: webmonstr
machine: x86_64
clock source: unix
pcre jit disabled
detected number of CPU cores: 2
current working directory: /home/webmaster/student-board
detected binary path: /usr/bin/uwsgi-core
chdir() to /home/webmaster/student-board/sb
*** WARNING: you are running uWSGI without its master process manager ***
your processes number limit is 15078
your memory page size is 4096 bytes
detected max file descriptor number: 1024
lock engine: pthread robust mutexes
thunder lock: disabled (you can enable it with --thunder-lock)
uwsgi socket 0 bound to UNIX address /tmp/sb.sock fd 3
Python version: 3.10.12 (main, Jun 11 2023, 05:26:28) [GCC 11.4.0]
PEP 405 virtualenv detected: /home/webmaster/student-board/sb/venv/
Set PythonHome to /home/webmaster/student-board/sb/venv/
Python main interpreter initialized at 0x55b1fbfda260
python threads support enabled
your server socket listen backlog is limited to 100 connections
your mercy for graceful operations on workers is 60 seconds
mapped 140720 bytes (137 KB) for 2 cores
*** Operational MODE: threaded ***
WSGI app 0 (mountpoint='') ready in 1 seconds on interpreter 0x55b1fbfda260 pid: 949 (default app)
*** uWSGI is running in multiple interpreter mode ***
spawned uWSGI worker 1 (and the only) (pid: 949, cores: 2)
[pid: 949|app: 0|req: 1/1] 0.0.0.0 () {56 vars in 1179 bytes} [Wed Aug  9 14:06:36 2023] GET / => generated 0 bytes in 291 msecs (HTTP/1.0 302) 5 headers in 153 bytes (1 switches on core 0)
[pid: 949|app: 0|req: 2/2] 0.0.0.0 () {56 vars in 1185 bytes} [Wed Aug  9 14:06:36 2023] GET /ua/ => generated 19634 bytes in 139 msecs (HTTP/1.0 200) 6 headers in 174 bytes (1 switches on core 1)
[pid: 949|app: 0|req: 3/3] 0.0.0.0 () {56 vars in 1185 bytes} [Wed Aug  9 14:06:43 2023] GET /ua/ => generated 19634 bytes in 28 msecs (HTTP/1.0 200) 6 headers in 174 bytes (1 switches on core 0)
[pid: 949|app: 0|req: 4/4] 0.0.0.0 () {56 vars in 1248 bytes} [Wed Aug  9 14:06:50 2023] GET /ua/student/detail/course/1 => generated 31642 bytes in 119 msecs (HTTP/1.0 200) 6 headers in 174 bytes (1 switches on core 1)
[pid: 949|app: 0|req: 5/5] 0.0.0.0 () {56 vars in 1271 bytes} [Wed Aug  9 14:06:54 2023] GET /ua/student/detail/lesson/2 => generated 24901 bytes in 52 msecs (HTTP/1.0 200) 6 headers in 174 bytes (1 switches on core 0)
Not Found: /course/lesson/detail/django-course--3-course-import
[pid: 949|app: 0|req: 6/6] 0.0.0.0 () {40 vars in 732 bytes} [Wed Aug  9 14:11:39 2023] GET /course/lesson/detail/django-course--3-course-import => generated 2872 bytes in 10 msecs (HTTP/1.0 404) 6 headers in 174 bytes (1 switches on core 1)
[pid: 949|app: 0|req: 7/7] 0.0.0.0 () {54 vars in 1148 bytes} [Wed Aug  9 14:13:38 2023] GET / => generated 0 bytes in 7 msecs (HTTP/1.0 302) 5 headers in 153 bytes (1 switches on core 0)
[pid: 949|app: 0|req: 8/8] 0.0.0.0 () {54 vars in 1154 bytes} [Wed Aug  9 14:13:38 2023] GET /ua/ => generated 19634 bytes in 27 msecs (HTTP/1.0 200) 6 headers in 174 bytes (1 switches on core 1)
[pid: 949|app: 0|req: 9/9] 0.0.0.0 () {56 vars in 1185 bytes} [Wed Aug  9 14:13:48 2023] GET /ua/ => generated 19634 bytes in 26 msecs (HTTP/1.0 200) 6 headers in 174 bytes (1 switches on core 0)
[pid: 949|app: 0|req: 10/10] 0.0.0.0 () {56 vars in 1185 bytes} [Wed Aug  9 14:13:49 2023] GET /ua/ => generated 19634 bytes in 26 msecs (HTTP/1.0 200) 6 headers in 174 bytes (1 switches on core 1)
*** Starting uWSGI 2.0.20-debian (64bit) on [Wed Aug  9 14:14:16 2023] ***
compiled with version: 11.2.0 on 21 March 2022 11:00:44
os: Linux-5.15.0-78-generic #85-Ubuntu SMP Fri Jul 7 15:25:09 UTC 2023
nodename: webmonstr
machine: x86_64
clock source: unix
pcre jit disabled
detected number of CPU cores: 2
current working directory: /
detected binary path: /usr/bin/uwsgi-core
uWSGI running as root, you can use --uid/--gid/--chroot options
*** WARNING: you are running uWSGI as root !!! (use the --uid flag) *** 
chdir() to /home/webmaster/student-board/sb
*** WARNING: you are running uWSGI without its master process manager ***
your processes number limit is 15078
your memory page size is 4096 bytes
detected max file descriptor number: 1024
lock engine: pthread robust mutexes
thunder lock: disabled (you can enable it with --thunder-lock)
uwsgi socket 0 bound to UNIX address /tmp/sb.sock fd 3
uWSGI running as root, you can use --uid/--gid/--chroot options
*** WARNING: you are running uWSGI as root !!! (use the --uid flag) *** 
Python version: 3.10.12 (main, Jun 11 2023, 05:26:28) [GCC 11.4.0]
PEP 405 virtualenv detected: /home/webmaster/student-board/sb/venv/
Set PythonHome to /home/webmaster/student-board/sb/venv/
Python main interpreter initialized at 0x5627d1c677e0
uWSGI running as root, you can use --uid/--gid/--chroot options
*** WARNING: you are running uWSGI as root !!! (use the --uid flag) *** 
python threads support enabled
your server socket listen backlog is limited to 100 connections
your mercy for graceful operations on workers is 60 seconds
mapped 140720 bytes (137 KB) for 2 cores
*** Operational MODE: threaded ***
WSGI app 0 (mountpoint='') ready in 0 seconds on interpreter 0x5627d1c677e0 pid: 684 (default app)
uWSGI running as root, you can use --uid/--gid/--chroot options
*** WARNING: you are running uWSGI as root !!! (use the --uid flag) *** 
*** uWSGI is running in multiple interpreter mode ***
spawned uWSGI worker 1 (and the only) (pid: 684, cores: 2)
*** Starting uWSGI 2.0.20-debian (64bit) on [Wed Aug  9 14:14:18 2023] ***
compiled with version: 11.2.0 on 21 March 2022 11:00:44
os: Linux-5.15.0-78-generic #85-Ubuntu SMP Fri Jul 7 15:25:09 UTC 2023
nodename: webmonstr
machine: x86_64
clock source: unix
pcre jit disabled
detected number of CPU cores: 2
current working directory: /
detected binary path: /usr/bin/uwsgi-core
uWSGI running as root, you can use --uid/--gid/--chroot options
*** WARNING: you are running uWSGI as root !!! (use the --uid flag) *** 
chdir() to /home/webmaster/student-board/sb
*** WARNING: you are running uWSGI without its master process manager ***
your processes number limit is 15078
your memory page size is 4096 bytes
detected max file descriptor number: 1024
lock engine: pthread robust mutexes
thunder lock: disabled (you can enable it with --thunder-lock)
uwsgi socket 0 bound to UNIX address /tmp/sb.sock fd 3
uWSGI running as root, you can use --uid/--gid/--chroot options
*** WARNING: you are running uWSGI as root !!! (use the --uid flag) *** 
Python version: 3.10.12 (main, Jun 11 2023, 05:26:28) [GCC 11.4.0]
PEP 405 virtualenv detected: /home/webmaster/student-board/sb/venv/
Set PythonHome to /home/webmaster/student-board/sb/venv/
Python main interpreter initialized at 0x556aa2aff7e0
uWSGI running as root, you can use --uid/--gid/--chroot options
*** WARNING: you are running uWSGI as root !!! (use the --uid flag) *** 
python threads support enabled
your server socket listen backlog is limited to 100 connections
your mercy for graceful operations on workers is 60 seconds
mapped 140720 bytes (137 KB) for 2 cores
*** Operational MODE: threaded ***
WSGI app 0 (mountpoint='') ready in 0 seconds on interpreter 0x556aa2aff7e0 pid: 688 (default app)
uWSGI running as root, you can use --uid/--gid/--chroot options
*** WARNING: you are running uWSGI as root !!! (use the --uid flag) *** 
*** uWSGI is running in multiple interpreter mode ***
spawned uWSGI worker 1 (and the only) (pid: 688, cores: 2)
*** Starting uWSGI 2.0.20-debian (64bit) on [Wed Aug  9 14:14:20 2023] ***
compiled with version: 11.2.0 on 21 March 2022 11:00:44
os: Linux-5.15.0-78-generic #85-Ubuntu SMP Fri Jul 7 15:25:09 UTC 2023
nodename: webmonstr
machine: x86_64
clock source: unix
pcre jit disabled
detected number of CPU cores: 2
current working directory: /
detected binary path: /usr/bin/uwsgi-core
uWSGI running as root, you can use --uid/--gid/--chroot options
*** WARNING: you are running uWSGI as root !!! (use the --uid flag) *** 
chdir() to /home/webmaster/student-board/sb
*** WARNING: you are running uWSGI without its master process manager ***
your processes number limit is 15078
your memory page size is 4096 bytes
detected max file descriptor number: 1024
lock engine: pthread robust mutexes
thunder lock: disabled (you can enable it with --thunder-lock)
uwsgi socket 0 bound to UNIX address /tmp/sb.sock fd 3
uWSGI running as root, you can use --uid/--gid/--chroot options
*** WARNING: you are running uWSGI as root !!! (use the --uid flag) *** 
Python version: 3.10.12 (main, Jun 11 2023, 05:26:28) [GCC 11.4.0]
PEP 405 virtualenv detected: /home/webmaster/student-board/sb/venv/
Set PythonHome to /home/webmaster/student-board/sb/venv/
Python main interpreter initialized at 0x559eed07e7e0
uWSGI running as root, you can use --uid/--gid/--chroot options
*** WARNING: you are running uWSGI as root !!! (use the --uid flag) *** 
python threads support enabled
your server socket listen backlog is limited to 100 connections
your mercy for graceful operations on workers is 60 seconds
mapped 140720 bytes (137 KB) for 2 cores
*** Operational MODE: threaded ***
WSGI app 0 (mountpoint='') ready in 0 seconds on interpreter 0x559eed07e7e0 pid: 692 (default app)
uWSGI running as root, you can use --uid/--gid/--chroot options
*** WARNING: you are running uWSGI as root !!! (use the --uid flag) *** 
*** uWSGI is running in multiple interpreter mode ***
spawned uWSGI worker 1 (and the only) (pid: 692, cores: 2)
*** Starting uWSGI 2.0.20-debian (64bit) on [Wed Aug  9 14:14:23 2023] ***
compiled with version: 11.2.0 on 21 March 2022 11:00:44
os: Linux-5.15.0-78-generic #85-Ubuntu SMP Fri Jul 7 15:25:09 UTC 2023
nodename: webmonstr
machine: x86_64
clock source: unix
pcre jit disabled
detected number of CPU cores: 2
current working directory: /
detected binary path: /usr/bin/uwsgi-core
uWSGI running as root, you can use --uid/--gid/--chroot options
*** WARNING: you are running uWSGI as root !!! (use the --uid flag) *** 
chdir() to /home/webmaster/student-board/sb
*** WARNING: you are running uWSGI without its master process manager ***
your processes number limit is 15078
your memory page size is 4096 bytes
detected max file descriptor number: 1024
lock engine: pthread robust mutexes
thunder lock: disabled (you can enable it with --thunder-lock)
uwsgi socket 0 bound to UNIX address /tmp/sb.sock fd 3
uWSGI running as root, you can use --uid/--gid/--chroot options
*** WARNING: you are running uWSGI as root !!! (use the --uid flag) *** 
Python version: 3.10.12 (main, Jun 11 2023, 05:26:28) [GCC 11.4.0]
PEP 405 virtualenv detected: /home/webmaster/student-board/sb/venv/
Set PythonHome to /home/webmaster/student-board/sb/venv/
Python main interpreter initialized at 0x5618a33377e0
uWSGI running as root, you can use --uid/--gid/--chroot options
*** WARNING: you are running uWSGI as root !!! (use the --uid flag) *** 
python threads support enabled
your server socket listen backlog is limited to 100 connections
your mercy for graceful operations on workers is 60 seconds
mapped 140720 bytes (137 KB) for 2 cores
*** Operational MODE: threaded ***
WSGI app 0 (mountpoint='') ready in 0 seconds on interpreter 0x5618a33377e0 pid: 696 (default app)
uWSGI running as root, you can use --uid/--gid/--chroot options
*** WARNING: you are running uWSGI as root !!! (use the --uid flag) *** 
*** uWSGI is running in multiple interpreter mode ***
spawned uWSGI worker 1 (and the only) (pid: 696, cores: 2)
[pid: 696|app: 0|req: 1/1] 0.0.0.0 () {56 vars in 1185 bytes} [Wed Aug  9 14:20:45 2023] GET /ua/ => generated 19634 bytes in 454 msecs (HTTP/1.0 200) 6 headers in 174 bytes (1 switches on core 0)
[pid: 696|app: 0|req: 2/2] 0.0.0.0 () {56 vars in 1185 bytes} [Wed Aug  9 14:20:47 2023] GET /ua/ => generated 19634 bytes in 27 msecs (HTTP/1.0 200) 6 headers in 174 bytes (1 switches on core 1)
[pid: 696|app: 0|req: 3/3] 0.0.0.0 () {56 vars in 1185 bytes} [Wed Aug  9 14:21:39 2023] GET /ua/ => generated 19634 bytes in 68 msecs (HTTP/1.0 200) 6 headers in 174 bytes (1 switches on core 0)
[pid: 696|app: 0|req: 4/4] 0.0.0.0 () {56 vars in 1185 bytes} [Wed Aug  9 14:21:39 2023] GET /ua/ => generated 19634 bytes in 27 msecs (HTTP/1.0 200) 6 headers in 174 bytes (1 switches on core 1)
Not Found: /robots.txt
[pid: 696|app: 0|req: 5/5] 0.0.0.0 () {36 vars in 515 bytes} [Wed Aug  9 14:25:38 2023] GET /robots.txt => generated 2749 bytes in 14 msecs (HTTP/1.0 404) 6 headers in 174 bytes (1 switches on core 0)
*** Starting uWSGI 2.0.20-debian (64bit) on [Wed Aug  9 14:27:44 2023] ***
compiled with version: 11.2.0 on 21 March 2022 11:00:44
os: Linux-5.15.0-78-generic #85-Ubuntu SMP Fri Jul 7 15:25:09 UTC 2023
nodename: webmonstr
machine: x86_64
clock source: unix
pcre jit disabled
detected number of CPU cores: 2
current working directory: /
detected binary path: /usr/bin/uwsgi-core
uWSGI running as root, you can use --uid/--gid/--chroot options
*** WARNING: you are running uWSGI as root !!! (use the --uid flag) *** 
chdir() to /home/webmaster/student-board/sb
*** WARNING: you are running uWSGI without its master process manager ***
your processes number limit is 15078
your memory page size is 4096 bytes
detected max file descriptor number: 1024
lock engine: pthread robust mutexes
thunder lock: disabled (you can enable it with --thunder-lock)
uwsgi socket 0 bound to UNIX address /tmp/sb.sock fd 3
uWSGI running as root, you can use --uid/--gid/--chroot options
*** WARNING: you are running uWSGI as root !!! (use the --uid flag) *** 
Python version: 3.10.12 (main, Jun 11 2023, 05:26:28) [GCC 11.4.0]
PEP 405 virtualenv detected: /home/webmaster/student-board/sb/venv/
Set PythonHome to /home/webmaster/student-board/sb/venv/
Python main interpreter initialized at 0x5646f50f47e0
uWSGI running as root, you can use --uid/--gid/--chroot options
*** WARNING: you are running uWSGI as root !!! (use the --uid flag) *** 
python threads support enabled
your server socket listen backlog is limited to 100 connections
your mercy for graceful operations on workers is 60 seconds
mapped 140720 bytes (137 KB) for 2 cores
*** Operational MODE: threaded ***
WSGI app 0 (mountpoint='') ready in 1 seconds on interpreter 0x5646f50f47e0 pid: 684 (default app)
uWSGI running as root, you can use --uid/--gid/--chroot options
*** WARNING: you are running uWSGI as root !!! (use the --uid flag) *** 
*** uWSGI is running in multiple interpreter mode ***
spawned uWSGI worker 1 (and the only) (pid: 684, cores: 2)
*** Starting uWSGI 2.0.20-debian (64bit) on [Wed Aug  9 14:27:45 2023] ***
compiled with version: 11.2.0 on 21 March 2022 11:00:44
os: Linux-5.15.0-78-generic #85-Ubuntu SMP Fri Jul 7 15:25:09 UTC 2023
nodename: webmonstr
machine: x86_64
clock source: unix
pcre jit disabled
detected number of CPU cores: 2
current working directory: /
detected binary path: /usr/bin/uwsgi-core
uWSGI running as root, you can use --uid/--gid/--chroot options
*** WARNING: you are running uWSGI as root !!! (use the --uid flag) *** 
chdir() to /home/webmaster/student-board/sb
*** WARNING: you are running uWSGI without its master process manager ***
your processes number limit is 15078
your memory page size is 4096 bytes
detected max file descriptor number: 1024
lock engine: pthread robust mutexes
thunder lock: disabled (you can enable it with --thunder-lock)
uwsgi socket 0 bound to UNIX address /tmp/sb.sock fd 3
uWSGI running as root, you can use --uid/--gid/--chroot options
*** WARNING: you are running uWSGI as root !!! (use the --uid flag) *** 
Python version: 3.10.12 (main, Jun 11 2023, 05:26:28) [GCC 11.4.0]
PEP 405 virtualenv detected: /home/webmaster/student-board/sb/venv/
Set PythonHome to /home/webmaster/student-board/sb/venv/
Python main interpreter initialized at 0x56414343b7e0
uWSGI running as root, you can use --uid/--gid/--chroot options
*** WARNING: you are running uWSGI as root !!! (use the --uid flag) *** 
python threads support enabled
your server socket listen backlog is limited to 100 connections
your mercy for graceful operations on workers is 60 seconds
mapped 140720 bytes (137 KB) for 2 cores
*** Operational MODE: threaded ***
WSGI app 0 (mountpoint='') ready in 1 seconds on interpreter 0x56414343b7e0 pid: 688 (default app)
uWSGI running as root, you can use --uid/--gid/--chroot options
*** WARNING: you are running uWSGI as root !!! (use the --uid flag) *** 
*** uWSGI is running in multiple interpreter mode ***
spawned uWSGI worker 1 (and the only) (pid: 688, cores: 2)
*** Starting uWSGI 2.0.20-debian (64bit) on [Wed Aug  9 14:27:47 2023] ***
compiled with version: 11.2.0 on 21 March 2022 11:00:44
os: Linux-5.15.0-78-generic #85-Ubuntu SMP Fri Jul 7 15:25:09 UTC 2023
nodename: webmonstr
machine: x86_64
clock source: unix
pcre jit disabled
detected number of CPU cores: 2
current working directory: /
detected binary path: /usr/bin/uwsgi-core
uWSGI running as root, you can use --uid/--gid/--chroot options
*** WARNING: you are running uWSGI as root !!! (use the --uid flag) *** 
chdir() to /home/webmaster/student-board/sb
*** WARNING: you are running uWSGI without its master process manager ***
your processes number limit is 15078
your memory page size is 4096 bytes
detected max file descriptor number: 1024
lock engine: pthread robust mutexes
thunder lock: disabled (you can enable it with --thunder-lock)
uwsgi socket 0 bound to UNIX address /tmp/sb.sock fd 3
uWSGI running as root, you can use --uid/--gid/--chroot options
*** WARNING: you are running uWSGI as root !!! (use the --uid flag) *** 
Python version: 3.10.12 (main, Jun 11 2023, 05:26:28) [GCC 11.4.0]
PEP 405 virtualenv detected: /home/webmaster/student-board/sb/venv/
Set PythonHome to /home/webmaster/student-board/sb/venv/
Python main interpreter initialized at 0x559f8d0877e0
uWSGI running as root, you can use --uid/--gid/--chroot options
*** WARNING: you are running uWSGI as root !!! (use the --uid flag) *** 
python threads support enabled
your server socket listen backlog is limited to 100 connections
your mercy for graceful operations on workers is 60 seconds
mapped 140720 bytes (137 KB) for 2 cores
*** Operational MODE: threaded ***
WSGI app 0 (mountpoint='') ready in 1 seconds on interpreter 0x559f8d0877e0 pid: 692 (default app)
uWSGI running as root, you can use --uid/--gid/--chroot options
*** WARNING: you are running uWSGI as root !!! (use the --uid flag) *** 
*** uWSGI is running in multiple interpreter mode ***
spawned uWSGI worker 1 (and the only) (pid: 692, cores: 2)
*** Starting uWSGI 2.0.20-debian (64bit) on [Wed Aug  9 14:27:50 2023] ***
compiled with version: 11.2.0 on 21 March 2022 11:00:44
os: Linux-5.15.0-78-generic #85-Ubuntu SMP Fri Jul 7 15:25:09 UTC 2023
nodename: webmonstr
machine: x86_64
clock source: unix
pcre jit disabled
detected number of CPU cores: 2
current working directory: /
detected binary path: /usr/bin/uwsgi-core
uWSGI running as root, you can use --uid/--gid/--chroot options
*** WARNING: you are running uWSGI as root !!! (use the --uid flag) *** 
chdir() to /home/webmaster/student-board/sb
*** WARNING: you are running uWSGI without its master process manager ***
your processes number limit is 15078
your memory page size is 4096 bytes
detected max file descriptor number: 1024
lock engine: pthread robust mutexes
thunder lock: disabled (you can enable it with --thunder-lock)
uwsgi socket 0 bound to UNIX address /tmp/sb.sock fd 3
uWSGI running as root, you can use --uid/--gid/--chroot options
*** WARNING: you are running uWSGI as root !!! (use the --uid flag) *** 
Python version: 3.10.12 (main, Jun 11 2023, 05:26:28) [GCC 11.4.0]
PEP 405 virtualenv detected: /home/webmaster/student-board/sb/venv/
Set PythonHome to /home/webmaster/student-board/sb/venv/
Python main interpreter initialized at 0x55e489eb17e0
uWSGI running as root, you can use --uid/--gid/--chroot options
*** WARNING: you are running uWSGI as root !!! (use the --uid flag) *** 
python threads support enabled
your server socket listen backlog is limited to 100 connections
your mercy for graceful operations on workers is 60 seconds
mapped 140720 bytes (137 KB) for 2 cores
*** Operational MODE: threaded ***
WSGI app 0 (mountpoint='') ready in 1 seconds on interpreter 0x55e489eb17e0 pid: 696 (default app)
uWSGI running as root, you can use --uid/--gid/--chroot options
*** WARNING: you are running uWSGI as root !!! (use the --uid flag) *** 
*** uWSGI is running in multiple interpreter mode ***
spawned uWSGI worker 1 (and the only) (pid: 696, cores: 2)
[pid: 696|app: 0|req: 1/1] 0.0.0.0 () {56 vars in 1185 bytes} [Wed Aug  9 14:29:38 2023] GET /ua/ => generated 19634 bytes in 474 msecs (HTTP/1.0 200) 6 headers in 174 bytes (1 switches on core 0)
[pid: 696|app: 0|req: 2/2] 0.0.0.0 () {56 vars in 1185 bytes} [Wed Aug  9 14:30:24 2023] GET /ua/ => generated 19634 bytes in 20 msecs (HTTP/1.0 200) 6 headers in 174 bytes (1 switches on core 1)
[pid: 696|app: 0|req: 3/3] 0.0.0.0 () {56 vars in 1185 bytes} [Wed Aug  9 14:30:25 2023] GET /ua/ => generated 19634 bytes in 68 msecs (HTTP/1.0 200) 6 headers in 174 bytes (1 switches on core 0)
[pid: 696|app: 0|req: 4/4] 0.0.0.0 () {40 vars in 773 bytes} [Wed Aug  9 14:31:40 2023] GET /ua/student/pay_course/frontend-js-ua => generated 15682 bytes in 18 msecs (HTTP/1.0 200) 7 headers in 342 bytes (1 switches on core 1)
[pid: 696|app: 0|req: 5/5] 0.0.0.0 () {56 vars in 1248 bytes} [Wed Aug  9 14:32:46 2023] GET /ua/student/detail/course/1 => generated 31642 bytes in 84 msecs (HTTP/1.0 200) 6 headers in 174 bytes (1 switches on core 0)
[pid: 696|app: 0|req: 6/6] 0.0.0.0 () {56 vars in 1273 bytes} [Wed Aug  9 14:32:51 2023] GET /ua/student/detail/lesson/15 => generated 19469 bytes in 32 msecs (HTTP/1.0 200) 6 headers in 174 bytes (1 switches on core 1)
[pid: 696|app: 0|req: 8/7] 0.0.0.0 () {52 vars in 1167 bytes} [Wed Aug  9 14:32:51 2023] GET /media/course/linux-ua/21-zsh/images/2.png => generated 54354 bytes in 18 msecs via sendfile() (HTTP/1.0 200) 8 headers in 261 bytes (0 switches on core 0)
[pid: 696|app: 0|req: 8/8] 0.0.0.0 () {52 vars in 1167 bytes} [Wed Aug  9 14:32:51 2023] GET /media/course/linux-ua/21-zsh/images/3.png => generated 75239 bytes in 12 msecs via sendfile() (HTTP/1.0 200) 8 headers in 261 bytes (1 switches on core 1)
[pid: 696|app: 0|req: 9/9] 0.0.0.0 () {52 vars in 1167 bytes} [Wed Aug  9 14:32:51 2023] GET /media/course/linux-ua/21-zsh/images/8.png => generated 36957 bytes in 2 msecs via sendfile() (HTTP/1.0 200) 8 headers in 261 bytes (0 switches on core 0)
[pid: 696|app: 0|req: 11/10] 0.0.0.0 () {52 vars in 1167 bytes} [Wed Aug  9 14:32:51 2023] GET /media/course/linux-ua/21-zsh/images/4.png => generated 44165 bytes in 3 msecs via sendfile() (HTTP/1.0 200) 8 headers in 261 bytes (0 switches on core 0)
[pid: 696|app: 0|req: 12/11] 0.0.0.0 () {52 vars in 1167 bytes} [Wed Aug  9 14:32:51 2023] GET /media/course/linux-ua/21-zsh/images/5.png => generated 128481 bytes in 5 msecs via sendfile() (HTTP/1.0 200) 8 headers in 262 bytes (1 switches on core 1)
[pid: 696|app: 0|req: 12/12] 0.0.0.0 () {52 vars in 1167 bytes} [Wed Aug  9 14:32:51 2023] GET /media/course/linux-ua/21-zsh/images/6.png => generated 38683 bytes in 1 msecs via sendfile() (HTTP/1.0 200) 8 headers in 261 bytes (0 switches on core 0)
*** Starting uWSGI 2.0.20-debian (64bit) on [Wed Aug  9 14:46:32 2023] ***
compiled with version: 11.2.0 on 21 March 2022 11:00:44
os: Linux-5.15.0-78-generic #85-Ubuntu SMP Fri Jul 7 15:25:09 UTC 2023
nodename: webmonstr
machine: x86_64
clock source: unix
pcre jit disabled
detected number of CPU cores: 2
current working directory: /
detected binary path: /usr/bin/uwsgi-core
uWSGI running as root, you can use --uid/--gid/--chroot options
*** WARNING: you are running uWSGI as root !!! (use the --uid flag) *** 
chdir() to /home/webmaster/student-board/sb
*** WARNING: you are running uWSGI without its master process manager ***
your processes number limit is 15078
your memory page size is 4096 bytes
detected max file descriptor number: 1024
lock engine: pthread robust mutexes
thunder lock: disabled (you can enable it with --thunder-lock)
uwsgi socket 0 bound to UNIX address /tmp/sb.sock fd 3
uWSGI running as root, you can use --uid/--gid/--chroot options
*** WARNING: you are running uWSGI as root !!! (use the --uid flag) *** 
Python version: 3.10.12 (main, Jun 11 2023, 05:26:28) [GCC 11.4.0]
PEP 405 virtualenv detected: /home/webmaster/student-board/sb/venv/
Set PythonHome to /home/webmaster/student-board/sb/venv/
Python main interpreter initialized at 0x55f2997a07e0
uWSGI running as root, you can use --uid/--gid/--chroot options
*** WARNING: you are running uWSGI as root !!! (use the --uid flag) *** 
python threads support enabled
your server socket listen backlog is limited to 100 connections
your mercy for graceful operations on workers is 60 seconds
mapped 140720 bytes (137 KB) for 2 cores
*** Operational MODE: threaded ***
WSGI app 0 (mountpoint='') ready in 0 seconds on interpreter 0x55f2997a07e0 pid: 1559 (default app)
uWSGI running as root, you can use --uid/--gid/--chroot options
*** WARNING: you are running uWSGI as root !!! (use the --uid flag) *** 
*** uWSGI is running in multiple interpreter mode ***
spawned uWSGI worker 1 (and the only) (pid: 1559, cores: 2)
*** Starting uWSGI 2.0.20-debian (64bit) on [Wed Aug  9 14:46:33 2023] ***
compiled with version: 11.2.0 on 21 March 2022 11:00:44
os: Linux-5.15.0-78-generic #85-Ubuntu SMP Fri Jul 7 15:25:09 UTC 2023
nodename: webmonstr
machine: x86_64
clock source: unix
pcre jit disabled
detected number of CPU cores: 2
current working directory: /
detected binary path: /usr/bin/uwsgi-core
uWSGI running as root, you can use --uid/--gid/--chroot options
*** WARNING: you are running uWSGI as root !!! (use the --uid flag) *** 
chdir() to /home/webmaster/student-board/sb
*** WARNING: you are running uWSGI without its master process manager ***
your processes number limit is 15078
your memory page size is 4096 bytes
detected max file descriptor number: 1024
lock engine: pthread robust mutexes
thunder lock: disabled (you can enable it with --thunder-lock)
uwsgi socket 0 bound to UNIX address /tmp/sb.sock fd 3
uWSGI running as root, you can use --uid/--gid/--chroot options
*** WARNING: you are running uWSGI as root !!! (use the --uid flag) *** 
Python version: 3.10.12 (main, Jun 11 2023, 05:26:28) [GCC 11.4.0]
PEP 405 virtualenv detected: /home/webmaster/student-board/sb/venv/
Set PythonHome to /home/webmaster/student-board/sb/venv/
Python main interpreter initialized at 0x55ba9e2d27e0
uWSGI running as root, you can use --uid/--gid/--chroot options
*** WARNING: you are running uWSGI as root !!! (use the --uid flag) *** 
python threads support enabled
your server socket listen backlog is limited to 100 connections
your mercy for graceful operations on workers is 60 seconds
mapped 140720 bytes (137 KB) for 2 cores
*** Operational MODE: threaded ***
WSGI app 0 (mountpoint='') ready in 1 seconds on interpreter 0x55ba9e2d27e0 pid: 1563 (default app)
uWSGI running as root, you can use --uid/--gid/--chroot options
*** WARNING: you are running uWSGI as root !!! (use the --uid flag) *** 
*** uWSGI is running in multiple interpreter mode ***
spawned uWSGI worker 1 (and the only) (pid: 1563, cores: 2)
*** Starting uWSGI 2.0.20-debian (64bit) on [Wed Aug  9 14:46:35 2023] ***
compiled with version: 11.2.0 on 21 March 2022 11:00:44
os: Linux-5.15.0-78-generic #85-Ubuntu SMP Fri Jul 7 15:25:09 UTC 2023
nodename: webmonstr
machine: x86_64
clock source: unix
pcre jit disabled
detected number of CPU cores: 2
current working directory: /
detected binary path: /usr/bin/uwsgi-core
uWSGI running as root, you can use --uid/--gid/--chroot options
*** WARNING: you are running uWSGI as root !!! (use the --uid flag) *** 
chdir() to /home/webmaster/student-board/sb
*** WARNING: you are running uWSGI without its master process manager ***
your processes number limit is 15078
your memory page size is 4096 bytes
detected max file descriptor number: 1024
lock engine: pthread robust mutexes
thunder lock: disabled (you can enable it with --thunder-lock)
uwsgi socket 0 bound to UNIX address /tmp/sb.sock fd 3
uWSGI running as root, you can use --uid/--gid/--chroot options
*** WARNING: you are running uWSGI as root !!! (use the --uid flag) *** 
Python version: 3.10.12 (main, Jun 11 2023, 05:26:28) [GCC 11.4.0]
PEP 405 virtualenv detected: /home/webmaster/student-board/sb/venv/
Set PythonHome to /home/webmaster/student-board/sb/venv/
Python main interpreter initialized at 0x55d6584d87e0
uWSGI running as root, you can use --uid/--gid/--chroot options
*** WARNING: you are running uWSGI as root !!! (use the --uid flag) *** 
python threads support enabled
your server socket listen backlog is limited to 100 connections
your mercy for graceful operations on workers is 60 seconds
mapped 140720 bytes (137 KB) for 2 cores
*** Operational MODE: threaded ***
WSGI app 0 (mountpoint='') ready in 1 seconds on interpreter 0x55d6584d87e0 pid: 1568 (default app)
uWSGI running as root, you can use --uid/--gid/--chroot options
*** WARNING: you are running uWSGI as root !!! (use the --uid flag) *** 
*** uWSGI is running in multiple interpreter mode ***
spawned uWSGI worker 1 (and the only) (pid: 1568, cores: 2)
*** Starting uWSGI 2.0.20-debian (64bit) on [Wed Aug  9 14:46:38 2023] ***
compiled with version: 11.2.0 on 21 March 2022 11:00:44
os: Linux-5.15.0-78-generic #85-Ubuntu SMP Fri Jul 7 15:25:09 UTC 2023
nodename: webmonstr
machine: x86_64
clock source: unix
pcre jit disabled
detected number of CPU cores: 2
current working directory: /
detected binary path: /usr/bin/uwsgi-core
uWSGI running as root, you can use --uid/--gid/--chroot options
*** WARNING: you are running uWSGI as root !!! (use the --uid flag) *** 
chdir() to /home/webmaster/student-board/sb
*** WARNING: you are running uWSGI without its master process manager ***
your processes number limit is 15078
your memory page size is 4096 bytes
detected max file descriptor number: 1024
lock engine: pthread robust mutexes
thunder lock: disabled (you can enable it with --thunder-lock)
uwsgi socket 0 bound to UNIX address /tmp/sb.sock fd 3
uWSGI running as root, you can use --uid/--gid/--chroot options
*** WARNING: you are running uWSGI as root !!! (use the --uid flag) *** 
Python version: 3.10.12 (main, Jun 11 2023, 05:26:28) [GCC 11.4.0]
PEP 405 virtualenv detected: /home/webmaster/student-board/sb/venv/
Set PythonHome to /home/webmaster/student-board/sb/venv/
Python main interpreter initialized at 0x562a982dd7e0
uWSGI running as root, you can use --uid/--gid/--chroot options
*** WARNING: you are running uWSGI as root !!! (use the --uid flag) *** 
python threads support enabled
your server socket listen backlog is limited to 100 connections
your mercy for graceful operations on workers is 60 seconds
mapped 140720 bytes (137 KB) for 2 cores
*** Operational MODE: threaded ***
WSGI app 0 (mountpoint='') ready in 1 seconds on interpreter 0x562a982dd7e0 pid: 1572 (default app)
uWSGI running as root, you can use --uid/--gid/--chroot options
*** WARNING: you are running uWSGI as root !!! (use the --uid flag) *** 
*** uWSGI is running in multiple interpreter mode ***
spawned uWSGI worker 1 (and the only) (pid: 1572, cores: 2)
*** Starting uWSGI 2.0.20-debian (64bit) on [Wed Aug  9 14:46:54 2023] ***
compiled with version: 11.2.0 on 21 March 2022 11:00:44
os: Linux-5.15.0-78-generic #85-Ubuntu SMP Fri Jul 7 15:25:09 UTC 2023
nodename: webmonstr
machine: x86_64
clock source: unix
pcre jit disabled
detected number of CPU cores: 2
current working directory: /
detected binary path: /usr/bin/uwsgi-core
uWSGI running as root, you can use --uid/--gid/--chroot options
*** WARNING: you are running uWSGI as root !!! (use the --uid flag) *** 
chdir() to /home/webmaster/student-board/sb
*** WARNING: you are running uWSGI without its master process manager ***
your processes number limit is 15078
your memory page size is 4096 bytes
detected max file descriptor number: 1024
lock engine: pthread robust mutexes
thunder lock: disabled (you can enable it with --thunder-lock)
uwsgi socket 0 bound to UNIX address /tmp/sb.sock fd 3
uWSGI running as root, you can use --uid/--gid/--chroot options
*** WARNING: you are running uWSGI as root !!! (use the --uid flag) *** 
Python version: 3.10.12 (main, Jun 11 2023, 05:26:28) [GCC 11.4.0]
PEP 405 virtualenv detected: /home/webmaster/student-board/sb/venv/
Set PythonHome to /home/webmaster/student-board/sb/venv/
Python main interpreter initialized at 0x56269ffd87e0
uWSGI running as root, you can use --uid/--gid/--chroot options
*** WARNING: you are running uWSGI as root !!! (use the --uid flag) *** 
python threads support enabled
your server socket listen backlog is limited to 100 connections
your mercy for graceful operations on workers is 60 seconds
mapped 140720 bytes (137 KB) for 2 cores
*** Operational MODE: threaded ***
WSGI app 0 (mountpoint='') ready in 0 seconds on interpreter 0x56269ffd87e0 pid: 1595 (default app)
uWSGI running as root, you can use --uid/--gid/--chroot options
*** WARNING: you are running uWSGI as root !!! (use the --uid flag) *** 
*** uWSGI is running in multiple interpreter mode ***
spawned uWSGI worker 1 (and the only) (pid: 1595, cores: 2)
*** Starting uWSGI 2.0.20-debian (64bit) on [Wed Aug  9 14:46:55 2023] ***
compiled with version: 11.2.0 on 21 March 2022 11:00:44
os: Linux-5.15.0-78-generic #85-Ubuntu SMP Fri Jul 7 15:25:09 UTC 2023
nodename: webmonstr
machine: x86_64
clock source: unix
pcre jit disabled
detected number of CPU cores: 2
current working directory: /
detected binary path: /usr/bin/uwsgi-core
uWSGI running as root, you can use --uid/--gid/--chroot options
*** WARNING: you are running uWSGI as root !!! (use the --uid flag) *** 
chdir() to /home/webmaster/student-board/sb
*** WARNING: you are running uWSGI without its master process manager ***
your processes number limit is 15078
your memory page size is 4096 bytes
detected max file descriptor number: 1024
lock engine: pthread robust mutexes
thunder lock: disabled (you can enable it with --thunder-lock)
uwsgi socket 0 bound to UNIX address /tmp/sb.sock fd 3
uWSGI running as root, you can use --uid/--gid/--chroot options
*** WARNING: you are running uWSGI as root !!! (use the --uid flag) *** 
Python version: 3.10.12 (main, Jun 11 2023, 05:26:28) [GCC 11.4.0]
PEP 405 virtualenv detected: /home/webmaster/student-board/sb/venv/
Set PythonHome to /home/webmaster/student-board/sb/venv/
Python main interpreter initialized at 0x5644d8c317e0
uWSGI running as root, you can use --uid/--gid/--chroot options
*** WARNING: you are running uWSGI as root !!! (use the --uid flag) *** 
python threads support enabled
your server socket listen backlog is limited to 100 connections
your mercy for graceful operations on workers is 60 seconds
mapped 140720 bytes (137 KB) for 2 cores
*** Operational MODE: threaded ***
WSGI app 0 (mountpoint='') ready in 0 seconds on interpreter 0x5644d8c317e0 pid: 1599 (default app)
uWSGI running as root, you can use --uid/--gid/--chroot options
*** WARNING: you are running uWSGI as root !!! (use the --uid flag) *** 
*** uWSGI is running in multiple interpreter mode ***
spawned uWSGI worker 1 (and the only) (pid: 1599, cores: 2)
*** Starting uWSGI 2.0.20-debian (64bit) on [Wed Aug  9 14:46:57 2023] ***
compiled with version: 11.2.0 on 21 March 2022 11:00:44
os: Linux-5.15.0-78-generic #85-Ubuntu SMP Fri Jul 7 15:25:09 UTC 2023
nodename: webmonstr
machine: x86_64
clock source: unix
pcre jit disabled
detected number of CPU cores: 2
current working directory: /
detected binary path: /usr/bin/uwsgi-core
uWSGI running as root, you can use --uid/--gid/--chroot options
*** WARNING: you are running uWSGI as root !!! (use the --uid flag) *** 
chdir() to /home/webmaster/student-board/sb
*** WARNING: you are running uWSGI without its master process manager ***
your processes number limit is 15078
your memory page size is 4096 bytes
detected max file descriptor number: 1024
lock engine: pthread robust mutexes
thunder lock: disabled (you can enable it with --thunder-lock)
uwsgi socket 0 bound to UNIX address /tmp/sb.sock fd 3
uWSGI running as root, you can use --uid/--gid/--chroot options
*** WARNING: you are running uWSGI as root !!! (use the --uid flag) *** 
Python version: 3.10.12 (main, Jun 11 2023, 05:26:28) [GCC 11.4.0]
PEP 405 virtualenv detected: /home/webmaster/student-board/sb/venv/
Set PythonHome to /home/webmaster/student-board/sb/venv/
Python main interpreter initialized at 0x55f5021107e0
uWSGI running as root, you can use --uid/--gid/--chroot options
*** WARNING: you are running uWSGI as root !!! (use the --uid flag) *** 
python threads support enabled
your server socket listen backlog is limited to 100 connections
your mercy for graceful operations on workers is 60 seconds
mapped 140720 bytes (137 KB) for 2 cores
*** Operational MODE: threaded ***
WSGI app 0 (mountpoint='') ready in 0 seconds on interpreter 0x55f5021107e0 pid: 1604 (default app)
uWSGI running as root, you can use --uid/--gid/--chroot options
*** WARNING: you are running uWSGI as root !!! (use the --uid flag) *** 
*** uWSGI is running in multiple interpreter mode ***
spawned uWSGI worker 1 (and the only) (pid: 1604, cores: 2)
*** Starting uWSGI 2.0.20-debian (64bit) on [Wed Aug  9 14:47:00 2023] ***
compiled with version: 11.2.0 on 21 March 2022 11:00:44
os: Linux-5.15.0-78-generic #85-Ubuntu SMP Fri Jul 7 15:25:09 UTC 2023
nodename: webmonstr
machine: x86_64
clock source: unix
pcre jit disabled
detected number of CPU cores: 2
current working directory: /
detected binary path: /usr/bin/uwsgi-core
uWSGI running as root, you can use --uid/--gid/--chroot options
*** WARNING: you are running uWSGI as root !!! (use the --uid flag) *** 
chdir() to /home/webmaster/student-board/sb
*** WARNING: you are running uWSGI without its master process manager ***
your processes number limit is 15078
your memory page size is 4096 bytes
detected max file descriptor number: 1024
lock engine: pthread robust mutexes
thunder lock: disabled (you can enable it with --thunder-lock)
uwsgi socket 0 bound to UNIX address /tmp/sb.sock fd 3
uWSGI running as root, you can use --uid/--gid/--chroot options
*** WARNING: you are running uWSGI as root !!! (use the --uid flag) *** 
Python version: 3.10.12 (main, Jun 11 2023, 05:26:28) [GCC 11.4.0]
PEP 405 virtualenv detected: /home/webmaster/student-board/sb/venv/
Set PythonHome to /home/webmaster/student-board/sb/venv/
Python main interpreter initialized at 0x5597e87717e0
uWSGI running as root, you can use --uid/--gid/--chroot options
*** WARNING: you are running uWSGI as root !!! (use the --uid flag) *** 
python threads support enabled
your server socket listen backlog is limited to 100 connections
your mercy for graceful operations on workers is 60 seconds
mapped 140720 bytes (137 KB) for 2 cores
*** Operational MODE: threaded ***
WSGI app 0 (mountpoint='') ready in 0 seconds on interpreter 0x5597e87717e0 pid: 1609 (default app)
uWSGI running as root, you can use --uid/--gid/--chroot options
*** WARNING: you are running uWSGI as root !!! (use the --uid flag) *** 
*** uWSGI is running in multiple interpreter mode ***
spawned uWSGI worker 1 (and the only) (pid: 1609, cores: 2)
[pid: 1609|app: 0|req: 1/1] 0.0.0.0 () {54 vars in 1148 bytes} [Wed Aug  9 14:47:56 2023] GET / => generated 0 bytes in 180 msecs (HTTP/1.0 302) 5 headers in 153 bytes (1 switches on core 0)
[pid: 1609|app: 0|req: 2/2] 0.0.0.0 () {54 vars in 1154 bytes} [Wed Aug  9 14:47:56 2023] GET /ua/ => generated 19634 bytes in 115 msecs (HTTP/1.0 200) 6 headers in 174 bytes (1 switches on core 1)
[pid: 1609|app: 0|req: 4/3] 0.0.0.0 () {54 vars in 1190 bytes} [Wed Aug  9 14:47:57 2023] GET /media/course_images/image_qDMc9Py.png => generated 0 bytes in 3 msecs (HTTP/1.0 304) 5 headers in 149 bytes (0 switches on core 0)
[pid: 1609|app: 0|req: 4/4] 0.0.0.0 () {54 vars in 1190 bytes} [Wed Aug  9 14:47:57 2023] GET /media/course_images/image_zNzMPCb.png => generated 0 bytes in 4 msecs (HTTP/1.0 304) 5 headers in 149 bytes (1 switches on core 1)
[pid: 1609|app: 0|req: 5/5] 0.0.0.0 () {54 vars in 1190 bytes} [Wed Aug  9 14:47:58 2023] GET /media/course_images/image_y3Qa9Ep.png => generated 0 bytes in 3 msecs (HTTP/1.0 304) 5 headers in 149 bytes (0 switches on core 0)
*** Starting uWSGI 2.0.20-debian (64bit) on [Wed Aug  9 14:51:08 2023] ***
compiled with version: 11.2.0 on 21 March 2022 11:00:44
os: Linux-5.15.0-78-generic #85-Ubuntu SMP Fri Jul 7 15:25:09 UTC 2023
nodename: webmonstr
machine: x86_64
clock source: unix
pcre jit disabled
detected number of CPU cores: 2
current working directory: /
detected binary path: /usr/bin/uwsgi-core
uWSGI running as root, you can use --uid/--gid/--chroot options
*** WARNING: you are running uWSGI as root !!! (use the --uid flag) *** 
chdir() to /home/webmaster/student-board/sb
*** WARNING: you are running uWSGI without its master process manager ***
your processes number limit is 15078
your memory page size is 4096 bytes
detected max file descriptor number: 1024
lock engine: pthread robust mutexes
thunder lock: disabled (you can enable it with --thunder-lock)
uwsgi socket 0 bound to UNIX address /tmp/sb.sock fd 3
uWSGI running as root, you can use --uid/--gid/--chroot options
*** WARNING: you are running uWSGI as root !!! (use the --uid flag) *** 
Python version: 3.10.12 (main, Jun 11 2023, 05:26:28) [GCC 11.4.0]
PEP 405 virtualenv detected: /home/webmaster/student-board/sb/venv/
Set PythonHome to /home/webmaster/student-board/sb/venv/
Python main interpreter initialized at 0x55cbb075f7e0
uWSGI running as root, you can use --uid/--gid/--chroot options
*** WARNING: you are running uWSGI as root !!! (use the --uid flag) *** 
python threads support enabled
your server socket listen backlog is limited to 100 connections
your mercy for graceful operations on workers is 60 seconds
mapped 140720 bytes (137 KB) for 2 cores
*** Operational MODE: threaded ***
WSGI app 0 (mountpoint='') ready in 0 seconds on interpreter 0x55cbb075f7e0 pid: 1726 (default app)
uWSGI running as root, you can use --uid/--gid/--chroot options
*** WARNING: you are running uWSGI as root !!! (use the --uid flag) *** 
*** uWSGI is running in multiple interpreter mode ***
spawned uWSGI worker 1 (and the only) (pid: 1726, cores: 2)
*** Starting uWSGI 2.0.20-debian (64bit) on [Wed Aug  9 14:51:09 2023] ***
compiled with version: 11.2.0 on 21 March 2022 11:00:44
os: Linux-5.15.0-78-generic #85-Ubuntu SMP Fri Jul 7 15:25:09 UTC 2023
nodename: webmonstr
machine: x86_64
clock source: unix
pcre jit disabled
detected number of CPU cores: 2
current working directory: /
detected binary path: /usr/bin/uwsgi-core
uWSGI running as root, you can use --uid/--gid/--chroot options
*** WARNING: you are running uWSGI as root !!! (use the --uid flag) *** 
chdir() to /home/webmaster/student-board/sb
*** WARNING: you are running uWSGI without its master process manager ***
your processes number limit is 15078
your memory page size is 4096 bytes
detected max file descriptor number: 1024
lock engine: pthread robust mutexes
thunder lock: disabled (you can enable it with --thunder-lock)
uwsgi socket 0 bound to UNIX address /tmp/sb.sock fd 3
uWSGI running as root, you can use --uid/--gid/--chroot options
*** WARNING: you are running uWSGI as root !!! (use the --uid flag) *** 
Python version: 3.10.12 (main, Jun 11 2023, 05:26:28) [GCC 11.4.0]
PEP 405 virtualenv detected: /home/webmaster/student-board/sb/venv/
Set PythonHome to /home/webmaster/student-board/sb/venv/
Python main interpreter initialized at 0x55a209df87e0
uWSGI running as root, you can use --uid/--gid/--chroot options
*** WARNING: you are running uWSGI as root !!! (use the --uid flag) *** 
python threads support enabled
your server socket listen backlog is limited to 100 connections
your mercy for graceful operations on workers is 60 seconds
mapped 140720 bytes (137 KB) for 2 cores
*** Operational MODE: threaded ***
WSGI app 0 (mountpoint='') ready in 0 seconds on interpreter 0x55a209df87e0 pid: 1730 (default app)
uWSGI running as root, you can use --uid/--gid/--chroot options
*** WARNING: you are running uWSGI as root !!! (use the --uid flag) *** 
*** uWSGI is running in multiple interpreter mode ***
spawned uWSGI worker 1 (and the only) (pid: 1730, cores: 2)
*** Starting uWSGI 2.0.20-debian (64bit) on [Wed Aug  9 14:51:11 2023] ***
compiled with version: 11.2.0 on 21 March 2022 11:00:44
os: Linux-5.15.0-78-generic #85-Ubuntu SMP Fri Jul 7 15:25:09 UTC 2023
nodename: webmonstr
machine: x86_64
clock source: unix
pcre jit disabled
detected number of CPU cores: 2
current working directory: /
detected binary path: /usr/bin/uwsgi-core
uWSGI running as root, you can use --uid/--gid/--chroot options
*** WARNING: you are running uWSGI as root !!! (use the --uid flag) *** 
chdir() to /home/webmaster/student-board/sb
*** WARNING: you are running uWSGI without its master process manager ***
your processes number limit is 15078
your memory page size is 4096 bytes
detected max file descriptor number: 1024
lock engine: pthread robust mutexes
thunder lock: disabled (you can enable it with --thunder-lock)
uwsgi socket 0 bound to UNIX address /tmp/sb.sock fd 3
uWSGI running as root, you can use --uid/--gid/--chroot options
*** WARNING: you are running uWSGI as root !!! (use the --uid flag) *** 
Python version: 3.10.12 (main, Jun 11 2023, 05:26:28) [GCC 11.4.0]
PEP 405 virtualenv detected: /home/webmaster/student-board/sb/venv/
Set PythonHome to /home/webmaster/student-board/sb/venv/
Python main interpreter initialized at 0x56314cc787e0
uWSGI running as root, you can use --uid/--gid/--chroot options
*** WARNING: you are running uWSGI as root !!! (use the --uid flag) *** 
python threads support enabled
your server socket listen backlog is limited to 100 connections
your mercy for graceful operations on workers is 60 seconds
mapped 140720 bytes (137 KB) for 2 cores
*** Operational MODE: threaded ***
WSGI app 0 (mountpoint='') ready in 0 seconds on interpreter 0x56314cc787e0 pid: 1735 (default app)
uWSGI running as root, you can use --uid/--gid/--chroot options
*** WARNING: you are running uWSGI as root !!! (use the --uid flag) *** 
*** uWSGI is running in multiple interpreter mode ***
spawned uWSGI worker 1 (and the only) (pid: 1735, cores: 2)
*** Starting uWSGI 2.0.20-debian (64bit) on [Wed Aug  9 14:51:14 2023] ***
compiled with version: 11.2.0 on 21 March 2022 11:00:44
os: Linux-5.15.0-78-generic #85-Ubuntu SMP Fri Jul 7 15:25:09 UTC 2023
nodename: webmonstr
machine: x86_64
clock source: unix
pcre jit disabled
detected number of CPU cores: 2
current working directory: /
detected binary path: /usr/bin/uwsgi-core
uWSGI running as root, you can use --uid/--gid/--chroot options
*** WARNING: you are running uWSGI as root !!! (use the --uid flag) *** 
chdir() to /home/webmaster/student-board/sb
*** WARNING: you are running uWSGI without its master process manager ***
your processes number limit is 15078
your memory page size is 4096 bytes
detected max file descriptor number: 1024
lock engine: pthread robust mutexes
thunder lock: disabled (you can enable it with --thunder-lock)
uwsgi socket 0 bound to UNIX address /tmp/sb.sock fd 3
uWSGI running as root, you can use --uid/--gid/--chroot options
*** WARNING: you are running uWSGI as root !!! (use the --uid flag) *** 
Python version: 3.10.12 (main, Jun 11 2023, 05:26:28) [GCC 11.4.0]
PEP 405 virtualenv detected: /home/webmaster/student-board/sb/venv/
Set PythonHome to /home/webmaster/student-board/sb/venv/
Python main interpreter initialized at 0x5638f9c857e0
uWSGI running as root, you can use --uid/--gid/--chroot options
*** WARNING: you are running uWSGI as root !!! (use the --uid flag) *** 
python threads support enabled
your server socket listen backlog is limited to 100 connections
your mercy for graceful operations on workers is 60 seconds
mapped 140720 bytes (137 KB) for 2 cores
*** Operational MODE: threaded ***
WSGI app 0 (mountpoint='') ready in 0 seconds on interpreter 0x5638f9c857e0 pid: 1739 (default app)
uWSGI running as root, you can use --uid/--gid/--chroot options
*** WARNING: you are running uWSGI as root !!! (use the --uid flag) *** 
*** uWSGI is running in multiple interpreter mode ***
spawned uWSGI worker 1 (and the only) (pid: 1739, cores: 2)
*** Starting uWSGI 2.0.20-debian (64bit) on [Wed Aug  9 14:52:18 2023] ***
compiled with version: 11.2.0 on 21 March 2022 11:00:44
os: Linux-5.15.0-78-generic #85-Ubuntu SMP Fri Jul 7 15:25:09 UTC 2023
nodename: webmonstr
machine: x86_64
clock source: unix
pcre jit disabled
detected number of CPU cores: 2
current working directory: /etc/supervisor/conf.d
detected binary path: /usr/bin/uwsgi-core
uWSGI running as root, you can use --uid/--gid/--chroot options
*** WARNING: you are running uWSGI as root !!! (use the --uid flag) *** 
chdir() to /home/webmaster/student-board/sb
*** WARNING: you are running uWSGI without its master process manager ***
your processes number limit is 15078
your memory page size is 4096 bytes
detected max file descriptor number: 1024
lock engine: pthread robust mutexes
thunder lock: disabled (you can enable it with --thunder-lock)
uwsgi socket 0 bound to UNIX address /tmp/sb.sock fd 3
uWSGI running as root, you can use --uid/--gid/--chroot options
*** WARNING: you are running uWSGI as root !!! (use the --uid flag) *** 
Python version: 3.10.12 (main, Jun 11 2023, 05:26:28) [GCC 11.4.0]
PEP 405 virtualenv detected: /home/webmaster/student-board/sb/venv/
Set PythonHome to /home/webmaster/student-board/sb/venv/
Python main interpreter initialized at 0x557ddc533250
uWSGI running as root, you can use --uid/--gid/--chroot options
*** WARNING: you are running uWSGI as root !!! (use the --uid flag) *** 
python threads support enabled
your server socket listen backlog is limited to 100 connections
your mercy for graceful operations on workers is 60 seconds
mapped 140720 bytes (137 KB) for 2 cores
*** Operational MODE: threaded ***
WSGI app 0 (mountpoint='') ready in 0 seconds on interpreter 0x557ddc533250 pid: 1749 (default app)
uWSGI running as root, you can use --uid/--gid/--chroot options
*** WARNING: you are running uWSGI as root !!! (use the --uid flag) *** 
*** uWSGI is running in multiple interpreter mode ***
spawned uWSGI worker 1 (and the only) (pid: 1749, cores: 2)
*** Starting uWSGI 2.0.20-debian (64bit) on [Wed Aug  9 14:56:18 2023] ***
compiled with version: 11.2.0 on 21 March 2022 11:00:44
os: Linux-5.15.0-78-generic #85-Ubuntu SMP Fri Jul 7 15:25:09 UTC 2023
nodename: webmonstr
machine: x86_64
clock source: unix
pcre jit disabled
detected number of CPU cores: 2
current working directory: /etc/supervisor/conf.d
detected binary path: /usr/bin/uwsgi-core
uWSGI running as root, you can use --uid/--gid/--chroot options
*** WARNING: you are running uWSGI as root !!! (use the --uid flag) *** 
chdir() to /home/webmaster/student-board/sb
*** WARNING: you are running uWSGI without its master process manager ***
your processes number limit is 15078
your memory page size is 4096 bytes
detected max file descriptor number: 1024
lock engine: pthread robust mutexes
thunder lock: disabled (you can enable it with --thunder-lock)
uwsgi socket 0 bound to UNIX address /tmp/sb.sock fd 3
uWSGI running as root, you can use --uid/--gid/--chroot options
*** WARNING: you are running uWSGI as root !!! (use the --uid flag) *** 
Python version: 3.10.12 (main, Jun 11 2023, 05:26:28) [GCC 11.4.0]
PEP 405 virtualenv detected: /home/webmaster/student-board/sb/venv/
Set PythonHome to /home/webmaster/student-board/sb/venv/
Python main interpreter initialized at 0x55d6499b5280
uWSGI running as root, you can use --uid/--gid/--chroot options
*** WARNING: you are running uWSGI as root !!! (use the --uid flag) *** 
python threads support enabled
your server socket listen backlog is limited to 100 connections
your mercy for graceful operations on workers is 60 seconds
mapped 140720 bytes (137 KB) for 2 cores
*** Operational MODE: threaded ***
WSGI app 0 (mountpoint='') ready in 0 seconds on interpreter 0x55d6499b5280 pid: 1788 (default app)
uWSGI running as root, you can use --uid/--gid/--chroot options
*** WARNING: you are running uWSGI as root !!! (use the --uid flag) *** 
*** uWSGI is running in multiple interpreter mode ***
spawned uWSGI worker 1 (and the only) (pid: 1788, cores: 2)
[pid: 1788|app: 0|req: 1/1] 0.0.0.0 () {40 vars in 837 bytes} [Wed Aug  9 15:03:59 2023] GET /ua/student/pay_course/linux-ua => generated 15672 bytes in 241 msecs (HTTP/1.0 200) 7 headers in 342 bytes (1 switches on core 0)
*** Starting uWSGI 2.0.20-debian (64bit) on [Wed Aug  9 15:05:38 2023] ***
compiled with version: 11.2.0 on 21 March 2022 11:00:44
os: Linux-5.15.0-78-generic #85-Ubuntu SMP Fri Jul 7 15:25:09 UTC 2023
nodename: webmonstr
machine: x86_64
clock source: unix
pcre jit disabled
detected number of CPU cores: 2
current working directory: /
detected binary path: /usr/bin/uwsgi-core
uWSGI running as root, you can use --uid/--gid/--chroot options
*** WARNING: you are running uWSGI as root !!! (use the --uid flag) *** 
chdir() to /home/webmaster/student-board/sb
*** WARNING: you are running uWSGI without its master process manager ***
your processes number limit is 15078
your memory page size is 4096 bytes
detected max file descriptor number: 1024
lock engine: pthread robust mutexes
thunder lock: disabled (you can enable it with --thunder-lock)
uwsgi socket 0 bound to UNIX address /tmp/sb.sock fd 3
uWSGI running as root, you can use --uid/--gid/--chroot options
*** WARNING: you are running uWSGI as root !!! (use the --uid flag) *** 
Python version: 3.10.12 (main, Jun 11 2023, 05:26:28) [GCC 11.4.0]
PEP 405 virtualenv detected: /home/webmaster/student-board/sb/venv/
Set PythonHome to /home/webmaster/student-board/sb/venv/
Python main interpreter initialized at 0x55a54ed5c7e0
uWSGI running as root, you can use --uid/--gid/--chroot options
*** WARNING: you are running uWSGI as root !!! (use the --uid flag) *** 
python threads support enabled
your server socket listen backlog is limited to 100 connections
your mercy for graceful operations on workers is 60 seconds
mapped 140720 bytes (137 KB) for 2 cores
*** Operational MODE: threaded ***
WSGI app 0 (mountpoint='') ready in 0 seconds on interpreter 0x55a54ed5c7e0 pid: 2051 (default app)
uWSGI running as root, you can use --uid/--gid/--chroot options
*** WARNING: you are running uWSGI as root !!! (use the --uid flag) *** 
*** uWSGI is running in multiple interpreter mode ***
spawned uWSGI worker 1 (and the only) (pid: 2051, cores: 2)
*** Starting uWSGI 2.0.20-debian (64bit) on [Wed Aug  9 15:05:39 2023] ***
compiled with version: 11.2.0 on 21 March 2022 11:00:44
os: Linux-5.15.0-78-generic #85-Ubuntu SMP Fri Jul 7 15:25:09 UTC 2023
nodename: webmonstr
machine: x86_64
clock source: unix
pcre jit disabled
detected number of CPU cores: 2
current working directory: /
detected binary path: /usr/bin/uwsgi-core
uWSGI running as root, you can use --uid/--gid/--chroot options
*** WARNING: you are running uWSGI as root !!! (use the --uid flag) *** 
chdir() to /home/webmaster/student-board/sb
*** WARNING: you are running uWSGI without its master process manager ***
your processes number limit is 15078
your memory page size is 4096 bytes
detected max file descriptor number: 1024
lock engine: pthread robust mutexes
thunder lock: disabled (you can enable it with --thunder-lock)
uwsgi socket 0 bound to UNIX address /tmp/sb.sock fd 3
uWSGI running as root, you can use --uid/--gid/--chroot options
*** WARNING: you are running uWSGI as root !!! (use the --uid flag) *** 
Python version: 3.10.12 (main, Jun 11 2023, 05:26:28) [GCC 11.4.0]
PEP 405 virtualenv detected: /home/webmaster/student-board/sb/venv/
Set PythonHome to /home/webmaster/student-board/sb/venv/
Python main interpreter initialized at 0x55d1c193f7e0
uWSGI running as root, you can use --uid/--gid/--chroot options
*** WARNING: you are running uWSGI as root !!! (use the --uid flag) *** 
python threads support enabled
your server socket listen backlog is limited to 100 connections
your mercy for graceful operations on workers is 60 seconds
mapped 140720 bytes (137 KB) for 2 cores
*** Operational MODE: threaded ***
WSGI app 0 (mountpoint='') ready in 0 seconds on interpreter 0x55d1c193f7e0 pid: 2055 (default app)
uWSGI running as root, you can use --uid/--gid/--chroot options
*** WARNING: you are running uWSGI as root !!! (use the --uid flag) *** 
*** uWSGI is running in multiple interpreter mode ***
spawned uWSGI worker 1 (and the only) (pid: 2055, cores: 2)
*** Starting uWSGI 2.0.20-debian (64bit) on [Wed Aug  9 15:05:41 2023] ***
compiled with version: 11.2.0 on 21 March 2022 11:00:44
os: Linux-5.15.0-78-generic #85-Ubuntu SMP Fri Jul 7 15:25:09 UTC 2023
nodename: webmonstr
machine: x86_64
clock source: unix
pcre jit disabled
detected number of CPU cores: 2
current working directory: /
detected binary path: /usr/bin/uwsgi-core
uWSGI running as root, you can use --uid/--gid/--chroot options
*** WARNING: you are running uWSGI as root !!! (use the --uid flag) *** 
chdir() to /home/webmaster/student-board/sb
*** WARNING: you are running uWSGI without its master process manager ***
your processes number limit is 15078
your memory page size is 4096 bytes
detected max file descriptor number: 1024
lock engine: pthread robust mutexes
thunder lock: disabled (you can enable it with --thunder-lock)
uwsgi socket 0 bound to UNIX address /tmp/sb.sock fd 3
uWSGI running as root, you can use --uid/--gid/--chroot options
*** WARNING: you are running uWSGI as root !!! (use the --uid flag) *** 
Python version: 3.10.12 (main, Jun 11 2023, 05:26:28) [GCC 11.4.0]
PEP 405 virtualenv detected: /home/webmaster/student-board/sb/venv/
Set PythonHome to /home/webmaster/student-board/sb/venv/
Python main interpreter initialized at 0x555932e307e0
uWSGI running as root, you can use --uid/--gid/--chroot options
*** WARNING: you are running uWSGI as root !!! (use the --uid flag) *** 
python threads support enabled
your server socket listen backlog is limited to 100 connections
your mercy for graceful operations on workers is 60 seconds
mapped 140720 bytes (137 KB) for 2 cores
*** Operational MODE: threaded ***
WSGI app 0 (mountpoint='') ready in 0 seconds on interpreter 0x555932e307e0 pid: 2060 (default app)
uWSGI running as root, you can use --uid/--gid/--chroot options
*** WARNING: you are running uWSGI as root !!! (use the --uid flag) *** 
*** uWSGI is running in multiple interpreter mode ***
spawned uWSGI worker 1 (and the only) (pid: 2060, cores: 2)
*** Starting uWSGI 2.0.20-debian (64bit) on [Wed Aug  9 15:05:44 2023] ***
compiled with version: 11.2.0 on 21 March 2022 11:00:44
os: Linux-5.15.0-78-generic #85-Ubuntu SMP Fri Jul 7 15:25:09 UTC 2023
nodename: webmonstr
machine: x86_64
clock source: unix
pcre jit disabled
detected number of CPU cores: 2
current working directory: /
detected binary path: /usr/bin/uwsgi-core
uWSGI running as root, you can use --uid/--gid/--chroot options
*** WARNING: you are running uWSGI as root !!! (use the --uid flag) *** 
chdir() to /home/webmaster/student-board/sb
*** WARNING: you are running uWSGI without its master process manager ***
your processes number limit is 15078
your memory page size is 4096 bytes
detected max file descriptor number: 1024
lock engine: pthread robust mutexes
thunder lock: disabled (you can enable it with --thunder-lock)
uwsgi socket 0 bound to UNIX address /tmp/sb.sock fd 3
uWSGI running as root, you can use --uid/--gid/--chroot options
*** WARNING: you are running uWSGI as root !!! (use the --uid flag) *** 
Python version: 3.10.12 (main, Jun 11 2023, 05:26:28) [GCC 11.4.0]
PEP 405 virtualenv detected: /home/webmaster/student-board/sb/venv/
Set PythonHome to /home/webmaster/student-board/sb/venv/
Python main interpreter initialized at 0x55a2319ed7e0
uWSGI running as root, you can use --uid/--gid/--chroot options
*** WARNING: you are running uWSGI as root !!! (use the --uid flag) *** 
python threads support enabled
your server socket listen backlog is limited to 100 connections
your mercy for graceful operations on workers is 60 seconds
mapped 140720 bytes (137 KB) for 2 cores
*** Operational MODE: threaded ***
WSGI app 0 (mountpoint='') ready in 0 seconds on interpreter 0x55a2319ed7e0 pid: 2064 (default app)
uWSGI running as root, you can use --uid/--gid/--chroot options
*** WARNING: you are running uWSGI as root !!! (use the --uid flag) *** 
*** uWSGI is running in multiple interpreter mode ***
spawned uWSGI worker 1 (and the only) (pid: 2064, cores: 2)
Not Found: /robots.txt
[pid: 2064|app: 0|req: 1/1] 0.0.0.0 () {38 vars in 673 bytes} [Wed Aug  9 15:11:14 2023] GET /robots.txt => generated 2749 bytes in 156 msecs (HTTP/1.0 404) 6 headers in 174 bytes (1 switches on core 0)
[pid: 2064|app: 0|req: 2/2] 0.0.0.0 () {38 vars in 705 bytes} [Wed Aug  9 15:11:14 2023] GET /ua/student/detail/course/3 => generated 34800 bytes in 167 msecs (HTTP/1.0 200) 6 headers in 174 bytes (1 switches on core 1)
[pid: 2064|app: 0|req: 3/3] 0.0.0.0 () {38 vars in 705 bytes} [Wed Aug  9 15:13:03 2023] GET /ua/student/detail/course/1 => generated 31642 bytes in 64 msecs (HTTP/1.0 200) 6 headers in 174 bytes (1 switches on core 0)
Not Found: /uk/student/labs/1
[pid: 2064|app: 0|req: 4/4] 0.0.0.0 () {40 vars in 664 bytes} [Wed Aug  9 15:16:25 2023] GET /uk/student/labs/1 => generated 2770 bytes in 10 msecs (HTTP/1.0 404) 6 headers in 174 bytes (1 switches on core 1)
*** Starting uWSGI 2.0.20-debian (64bit) on [Wed Aug  9 16:08:29 2023] ***
compiled with version: 11.2.0 on 21 March 2022 11:00:44
os: Linux-5.15.0-78-generic #85-Ubuntu SMP Fri Jul 7 15:25:09 UTC 2023
nodename: webmonstr
machine: x86_64
clock source: unix
pcre jit disabled
detected number of CPU cores: 2
current working directory: /home/webmaster
detected binary path: /usr/bin/uwsgi-core
chdir() to /home/webmaster/student-board/sb
*** WARNING: you are running uWSGI without its master process manager ***
your processes number limit is 15078
your memory page size is 4096 bytes
detected max file descriptor number: 1024
lock engine: pthread robust mutexes
thunder lock: disabled (you can enable it with --thunder-lock)
error removing unix socket, unlink(): Operation not permitted [core/socket.c line 198]
bind(): Address already in use [core/socket.c line 230]
*** Starting uWSGI 2.0.20-debian (64bit) on [Wed Aug  9 16:10:18 2023] ***
compiled with version: 11.2.0 on 21 March 2022 11:00:44
os: Linux-5.15.0-78-generic #85-Ubuntu SMP Fri Jul 7 15:25:09 UTC 2023
nodename: webmonstr
machine: x86_64
clock source: unix
pcre jit disabled
detected number of CPU cores: 2
current working directory: /home/webmaster
detected binary path: /usr/bin/uwsgi-core
chdir() to /home/webmaster/student-board/sb
*** WARNING: you are running uWSGI without its master process manager ***
your processes number limit is 15078
your memory page size is 4096 bytes
detected max file descriptor number: 1024
lock engine: pthread robust mutexes
thunder lock: disabled (you can enable it with --thunder-lock)
error removing unix socket, unlink(): Operation not permitted [core/socket.c line 198]
bind(): Address already in use [core/socket.c line 230]
*** Starting uWSGI 2.0.20-debian (64bit) on [Wed Aug  9 16:11:12 2023] ***
compiled with version: 11.2.0 on 21 March 2022 11:00:44
os: Linux-5.15.0-78-generic #85-Ubuntu SMP Fri Jul 7 15:25:09 UTC 2023
nodename: webmonstr
machine: x86_64
clock source: unix
pcre jit disabled
detected number of CPU cores: 2
current working directory: /root
detected binary path: /usr/bin/uwsgi-core
uWSGI running as root, you can use --uid/--gid/--chroot options
*** WARNING: you are running uWSGI as root !!! (use the --uid flag) *** 
chdir() to /home/webmaster/student-board/sb
*** WARNING: you are running uWSGI without its master process manager ***
your processes number limit is 15078
your memory page size is 4096 bytes
detected max file descriptor number: 1024
lock engine: pthread robust mutexes
thunder lock: disabled (you can enable it with --thunder-lock)
uwsgi socket 0 bound to UNIX address /tmp/sb.sock fd 3
uWSGI running as root, you can use --uid/--gid/--chroot options
*** WARNING: you are running uWSGI as root !!! (use the --uid flag) *** 
Python version: 3.10.12 (main, Jun 11 2023, 05:26:28) [GCC 11.4.0]
PEP 405 virtualenv detected: /home/webmaster/student-board/sb/venv/
Set PythonHome to /home/webmaster/student-board/sb/venv/
Python main interpreter initialized at 0x563328073240
uWSGI running as root, you can use --uid/--gid/--chroot options
*** WARNING: you are running uWSGI as root !!! (use the --uid flag) *** 
python threads support enabled
your server socket listen backlog is limited to 100 connections
your mercy for graceful operations on workers is 60 seconds
mapped 140720 bytes (137 KB) for 2 cores
*** Operational MODE: threaded ***
WSGI app 0 (mountpoint='') ready in 1 seconds on interpreter 0x563328073240 pid: 1787 (default app)
uWSGI running as root, you can use --uid/--gid/--chroot options
*** WARNING: you are running uWSGI as root !!! (use the --uid flag) *** 
*** uWSGI is running in multiple interpreter mode ***
spawned uWSGI worker 1 (and the only) (pid: 1787, cores: 2)
[pid: 1787|app: 0|req: 1/1] 0.0.0.0 () {56 vars in 1179 bytes} [Wed Aug  9 16:11:27 2023] GET / => generated 0 bytes in 310 msecs (HTTP/1.0 302) 5 headers in 153 bytes (1 switches on core 0)
[pid: 1787|app: 0|req: 2/2] 0.0.0.0 () {56 vars in 1185 bytes} [Wed Aug  9 16:11:28 2023] GET /ua/ => generated 19634 bytes in 132 msecs (HTTP/1.0 200) 6 headers in 174 bytes (1 switches on core 1)
*** Starting uWSGI 2.0.20-debian (64bit) on [Wed Aug  9 16:14:53 2023] ***
compiled with version: 11.2.0 on 21 March 2022 11:00:44
os: Linux-5.15.0-78-generic #85-Ubuntu SMP Fri Jul 7 15:25:09 UTC 2023
nodename: webmonstr
machine: x86_64
clock source: unix
pcre jit disabled
detected number of CPU cores: 2
current working directory: /home/webmaster/student-board
detected binary path: /usr/bin/uwsgi-core
chdir() to /home/webmaster/student-board/sb
*** WARNING: you are running uWSGI without its master process manager ***
your processes number limit is 15078
your memory page size is 4096 bytes
detected max file descriptor number: 1024
lock engine: pthread robust mutexes
thunder lock: disabled (you can enable it with --thunder-lock)
uwsgi socket 0 bound to UNIX address /home/webmaster/student-board/sb.sock fd 3
Python version: 3.10.12 (main, Jun 11 2023, 05:26:28) [GCC 11.4.0]
PEP 405 virtualenv detected: /home/webmaster/student-board/sb/venv/
Set PythonHome to /home/webmaster/student-board/sb/venv/
Python main interpreter initialized at 0x5609535f52b0
python threads support enabled
your server socket listen backlog is limited to 100 connections
your mercy for graceful operations on workers is 60 seconds
mapped 140720 bytes (137 KB) for 2 cores
*** Operational MODE: threaded ***
WSGI app 0 (mountpoint='') ready in 1 seconds on interpreter 0x5609535f52b0 pid: 1945 (default app)
*** uWSGI is running in multiple interpreter mode ***
spawned uWSGI worker 1 (and the only) (pid: 1945, cores: 2)
[pid: 1945|app: 0|req: 1/1] 0.0.0.0 () {56 vars in 1185 bytes} [Wed Aug  9 16:16:48 2023] GET /ua/ => generated 19634 bytes in 238 msecs (HTTP/1.0 200) 6 headers in 174 bytes (2 switches on core 0)
[pid: 1945|app: 0|req: 2/2] 0.0.0.0 () {56 vars in 1185 bytes} [Wed Aug  9 16:16:50 2023] GET /ua/ => generated 19634 bytes in 29 msecs (HTTP/1.0 200) 6 headers in 174 bytes (1 switches on core 1)
[pid: 1945|app: 0|req: 3/3] 0.0.0.0 () {56 vars in 1185 bytes} [Wed Aug  9 16:16:52 2023] GET /ua/ => generated 19634 bytes in 83 msecs (HTTP/1.0 200) 6 headers in 174 bytes (1 switches on core 0)
Gracefully killing worker 1 (pid: 1787)...
*** Starting uWSGI 2.0.20-debian (64bit) on [Wed Aug  9 17:20:09 2023] ***
compiled with version: 11.2.0 on 21 March 2022 11:00:44
os: Linux-5.15.0-78-generic #85-Ubuntu SMP Fri Jul 7 15:25:09 UTC 2023
nodename: webmonstr
machine: x86_64
clock source: unix
pcre jit disabled
detected number of CPU cores: 2
current working directory: /root
detected binary path: /usr/bin/uwsgi-core
setgid() to 1000
setuid() to 1000
chdir() to /home/webmaster/student-board/sb
*** WARNING: you are running uWSGI without its master process manager ***
your processes number limit is 15078
your memory page size is 4096 bytes
detected max file descriptor number: 1024
lock engine: pthread robust mutexes
thunder lock: disabled (you can enable it with --thunder-lock)
uwsgi socket 0 bound to UNIX address /home/webmaster/student-board/sb.sock fd 3
Python version: 3.10.12 (main, Jun 11 2023, 05:26:28) [GCC 11.4.0]
PEP 405 virtualenv detected: /home/webmaster/student-board/sb/venv/
Set PythonHome to /home/webmaster/student-board/sb/venv/
Python main interpreter initialized at 0x55f10287f2e0
python threads support enabled
your server socket listen backlog is limited to 100 connections
your mercy for graceful operations on workers is 60 seconds
mapped 140720 bytes (137 KB) for 2 cores
*** Operational MODE: threaded ***
WSGI app 0 (mountpoint='') ready in 1 seconds on interpreter 0x55f10287f2e0 pid: 1021 (default app)
*** uWSGI is running in multiple interpreter mode ***
spawned uWSGI worker 1 (and the only) (pid: 1021, cores: 2)
Not Found: /course/detail/php-marafon
[pid: 1021|app: 0|req: 1/1] 0.0.0.0 () {40 vars in 680 bytes} [Wed Aug  9 17:21:44 2023] GET /course/detail/php-marafon => generated 2794 bytes in 160 msecs (HTTP/1.0 404) 6 headers in 174 bytes (1 switches on core 0)
Not Found: /course/tag/sphinx
[pid: 1021|app: 0|req: 2/2] 0.0.0.0 () {40 vars in 664 bytes} [Wed Aug  9 17:23:57 2023] GET /course/tag/sphinx => generated 2770 bytes in 13 msecs (HTTP/1.0 404) 6 headers in 174 bytes (1 switches on core 1)
